~/.../build/tests$ ./dfs_tests
Running main() from /build/source/googletest/src/gtest_main.cc
[==========] Running 1 test from 1 test suite.
[----------] Global test environment set-up.
[----------] 1 test from FileServerTest
[ RUN      ] FileServerTest.BroadcastMessageTest
[2024-Dec-08 20:44:05.350628] [FileServer] [info] Initializing FileServer...
[2024-Dec-08 20:44:05.364848] [FileServer] [debug] Generated new server ID: 00FC90FC06EAC2DD8A088F64850403C2A0C9D8316D8FABF33960EDB63BA014E1
[2024-Dec-08 20:44:05.364981] [FileServer] [debug] Initializing storage with root directory: test_storage_58123
[2024-Dec-08 20:44:05.368663] [FileServer] [debug] Setting up transport callbacks
[2024-Dec-08 20:44:05.368725] [FileServer] [info] FileServer initialization complete
[2024-Dec-08 20:44:05.368768] [FileServer] [info] Initializing FileServer...
[2024-Dec-08 20:44:05.368768] [FileServer] [info] Initializing FileServer...
[2024-Dec-08 20:44:05.368941] [FileServer] [debug] Generated new server ID: D9BE74AE41F06C407D8D4827D416DCF88849F554F1384F8F77B3314DC35123BB
[2024-Dec-08 20:44:05.368941] [FileServer] [debug] Generated new server ID: D9BE74AE41F06C407D8D4827D416DCF88849F554F1384F8F77B3314DC35123BB
[2024-Dec-08 20:44:05.368986] [FileServer] [debug] Initializing storage with root directory: test_storage_58124
[2024-Dec-08 20:44:05.368986] [FileServer] [debug] Initializing storage with root directory: test_storage_58124
[2024-Dec-08 20:44:05.369019] [FileServer] [debug] Setting up transport callbacks
[2024-Dec-08 20:44:05.369019] [FileServer] [debug] Setting up transport callbacks
[2024-Dec-08 20:44:05.369053] [FileServer] [info] FileServer initialization complete
[2024-Dec-08 20:44:05.369053] [FileServer] [info] FileServer initialization complete
[2024-Dec-08 20:44:05.369083] [FileServer] [info] [0.0.0.0:58123] Starting fileserver...
[2024-Dec-08 20:44:05.369083] [FileServer] [info] [0.0.0.0:58123] Starting fileserver...
[2024-Dec-08 20:44:05.385541] [FileServer] [debug] Server state changed to running
[2024-Dec-08 20:44:05.385541] [FileServer] [debug] Server state changed to running
[2024-Dec-08 20:44:05.386957] [FileServer] [info] Starting network bootstrap process
[2024-Dec-08 20:44:05.386957] [FileServer] [info] Starting network bootstrap process
[2024-Dec-08 20:44:05.387599] [FileServer] [info] Bootstrap process initiated for 0 nodes
[2024-Dec-08 20:44:05.387599] [FileServer] [info] Bootstrap process initiated for 0 nodes
[2024-Dec-08 20:44:05.388851] [FileServer] [info] Server startup complete
[2024-Dec-08 20:44:05.388851] [FileServer] [info] Server startup complete
[2024-Dec-08 20:44:05.387471] [FileServer] [debug] Message processing loop started
[2024-Dec-08 20:44:05.387471] [FileServer] [debug] Message processing loop started
[2024-Dec-08 20:44:05.389482] [FileServer] [info] Message loop started
[2024-Dec-08 20:44:05.389482] [FileServer] [info] Message loop started
[2024-Dec-08 20:44:05.889319] [FileServer] [info] [0.0.0.0:58124] Starting fileserver...
[2024-Dec-08 20:44:05.889319] [FileServer] [info] [0.0.0.0:58124] Starting fileserver...
[2024-Dec-08 20:44:05.890926] [FileServer] [debug] Server state changed to running
[2024-Dec-08 20:44:05.890926] [FileServer] [debug] Server state changed to running
[2024-Dec-08 20:44:05.891030] [FileServer] [info] Starting network bootstrap process
[2024-Dec-08 20:44:05.891030] [FileServer] [info] Starting network bootstrap process
[2024-Dec-08 20:44:05.891175] [FileServer] [info] Bootstrap process initiated for 1 nodes
[2024-Dec-08 20:44:05.891175] [FileServer] [info] Bootstrap process initiated for 1 nodes
[2024-Dec-08 20:44:05.891346] [FileServer] [info] Server startup complete
[2024-Dec-08 20:44:05.891346] [FileServer] [info] Server startup complete
[2024-Dec-08 20:44:05.891538] [FileServer] [info] [0.0.0.0:58124] Attempting to connect with remote 127.0.0.1:58123
[2024-Dec-08 20:44:05.891538] [FileServer] [info] [0.0.0.0:58124] Attempting to connect with remote 127.0.0.1:58123
[Transport 0.0.0.0:58124] New outbound connection
[Transport 0.0.0.0:58124] Created peer 127.0.0.1:58123
[Transport 0.0.0.0:58124] Calling OnPeer for 127.0.0.1:58123
[2024-Dec-08 20:44:05.891837] [FileServer] [debug] [0.0.0.0:58124] OnPeer called for 127.0.0.1:58123
[2024-Dec-08 20:44:05.891837] [FileServer] [debug] [0.0.0.0:58124] OnPeer called for 127.0.0.1:58123
[2024-Dec-08 20:44:05.892025] [FileServer] [debug] [0.0.0.0:58124] Adding peer 127.0.0.1:58123 to peers map
[2024-Dec-08 20:44:05.892025] [FileServer] [debug] [0.0.0.0:58124] Adding peer 127.0.0.1:58123 to peers map
[2024-Dec-08 20:44:05.892130] [FileServer] [info] [0.0.0.0:58124] Connected with remote 127.0.0.1:58123
[2024-Dec-08 20:44:05.892130] [FileServer] [info] [0.0.0.0:58124] Connected with remote 127.0.0.1:58123
[2024-Dec-08 20:44:05.892203] [FileServer] [debug] [0.0.0.0:58124] Total peers: 1
[2024-Dec-08 20:44:05.892203] [FileServer] [debug] [0.0.0.0:58124] Total peers: 1
[2024-Dec-08 20:44:05.892301] [FileServer] [info] Successfully connected to bootstrap node: 127.0.0.1:58123
[2024-Dec-08 20:44:05.892301] [FileServer] [info] Successfully connected to bootstrap node: 127.0.0.1:58123
[Transport 0.0.0.0:58124] Starting read loop for 127.0.0.1:58123
[2024-Dec-08 20:44:05.892475] [FileServer] [debug] Message processing loop started
[2024-Dec-08 20:44:05.892475] [FileServer] [debug] Message processing loop started
[2024-Dec-08 20:44:05.892684] [FileServer] [info] Message loop started
[2024-Dec-08 20:44:05.892684] [FileServer] [info] Message loop started
[Transport 0.0.0.0:58123] New inbound connection
[Transport 0.0.0.0:58123] Created peer 127.0.0.1:38114
[Transport 0.0.0.0:58123] Calling OnPeer for 127.0.0.1:38114
[2024-Dec-08 20:44:05.895169] [FileServer] [debug] [0.0.0.0:58123] OnPeer called for 127.0.0.1:38114
[2024-Dec-08 20:44:05.895169] [FileServer] [debug] [0.0.0.0:58123] OnPeer called for 127.0.0.1:38114
[2024-Dec-08 20:44:05.895286] [FileServer] [debug] [0.0.0.0:58123] Adding peer 127.0.0.1:38114 to peers map
[2024-Dec-08 20:44:05.895286] [FileServer] [debug] [0.0.0.0:58123] Adding peer 127.0.0.1:38114 to peers map
[2024-Dec-08 20:44:05.895338] [FileServer] [info] [0.0.0.0:58123] Connected with remote 127.0.0.1:38114
[2024-Dec-08 20:44:05.895338] [FileServer] [info] [0.0.0.0:58123] Connected with remote 127.0.0.1:38114
[2024-Dec-08 20:44:05.895397] [FileServer] [debug] [0.0.0.0:58123] Total peers: 1
[2024-Dec-08 20:44:05.895397] [FileServer] [debug] [0.0.0.0:58123] Total peers: 1
[Transport 0.0.0.0:58123] Starting read loop for 127.0.0.1:38114
[2024-Dec-08 20:44:06.891604] [FileServer] [info] [0.0.0.0:58123] Storing file with key: broadcast_test.txt
[2024-Dec-08 20:44:06.891604] [FileServer] [info] [0.0.0.0:58123] Storing file with key: broadcast_test.txt
[2024-Dec-08 20:44:06.891747] [FileServer] [debug] Input stream state - good: true, eof: false, fail: false
[2024-Dec-08 20:44:06.891747] [FileServer] [debug] Input stream state - good: true, eof: false, fail: false
[2024-Dec-08 20:44:06.891816] [FileServer] [debug] Buffered data size: 15 bytes
[2024-Dec-08 20:44:06.891816] [FileServer] [debug] Buffered data size: 15 bytes
[2024-Dec-08 20:44:06.893499] [FileServer] [debug] Successfully wrote 15 bytes to local store
[2024-Dec-08 20:44:06.893499] [FileServer] [debug] Successfully wrote 15 bytes to local store
[2024-Dec-08 20:44:06.893696] [FileServer] [debug] Broadcasting store message to peers
[2024-Dec-08 20:44:06.893696] [FileServer] [debug] Broadcasting store message to peers
[2024-Dec-08 20:44:06.893800] [FileServer] [debug] Broadcasting message to 1 peers
[2024-Dec-08 20:44:06.893800] [FileServer] [debug] Broadcasting message to 1 peers
[2024-Dec-08 20:44:06.893879] [FileServer] [debug] Preparing to send to peer: 127.0.0.1:38114
[2024-Dec-08 20:44:06.893879] [FileServer] [debug] Preparing to send to peer: 127.0.0.1:38114
[2024-Dec-08 20:44:06.893983] [FileServer] [debug] Sending message type signal to 127.0.0.1:38114
[2024-Dec-08 20:44:06.893983] [FileServer] [debug] Sending message type signal to 127.0.0.1:38114
Read message type byte: 1
[2024-Dec-08 20:44:06.894397] [FileServer] [debug] Sending payload size (131 bytes) to 127.0.0.1:38114
[2024-Dec-08 20:44:06.894397] [FileServer] [debug] Sending payload size (131 bytes) to 127.0.0.1:38114
[2024-Dec-08 20:44:06.894562] [FileServer] [debug] Sending payload to 127.0.0.1:38114
[2024-Dec-08 20:44:06.894562] [FileServer] [debug] Sending payload to 127.0.0.1:38114
[2024-Dec-08 20:44:06.894928] [FileServer] [debug] Successfully sent message to peer: 127.0.0.1:38114
[2024-Dec-08 20:44:06.894928] [FileServer] [debug] Successfully sent message to peer: 127.0.0.1:38114
[2024-Dec-08 20:44:06.895083] [FileServer] [info] Broadcast complete
[2024-Dec-08 20:44:06.895083] [FileServer] [info] Broadcast complete
[2024-Dec-08 20:44:06.900207] [FileServer] [debug] Added peer 127.0.0.1:38114 for replication
[2024-Dec-08 20:44:06.900207] [FileServer] [debug] Added peer 127.0.0.1:38114 for replication
[2024-Dec-08 20:44:06.900463] [FileServer] [debug] Starting file replication to 1 peers
[2024-Dec-08 20:44:06.900463] [FileServer] [debug] Starting file replication to 1 peers
[2024-Dec-08 20:44:06.900534] [FileServer] [debug] Sending stream start signal to 127.0.0.1:38114
[2024-Dec-08 20:44:06.900534] [FileServer] [debug] Sending stream start signal to 127.0.0.1:38114
[2024-Dec-08 20:44:06.900617] [FileServer] [debug] Starting encryption of -1 bytes
Read message type byte: 2
[127.0.0.1:58123] incoming stream, waiting...
[2024-Dec-08 20:44:06.900617] [FileServer] [debug] Starting encryption of -1 bytes
[2024-Dec-08 20:44:06.900753] [FileServer] [debug] Successfully encrypted 16 bytes
[2024-Dec-08 20:44:06.900753] [FileServer] [debug] Successfully encrypted 16 bytes
[2024-Dec-08 20:44:06.900793] [FileServer] [debug] Sending encrypted data to peer 127.0.0.1:38114
[2024-Dec-08 20:44:06.900793] [FileServer] [debug] Sending encrypted data to peer 127.0.0.1:38114
[2024-Dec-08 20:44:06.900861] [FileServer] [debug] Successfully replicated to 127.0.0.1:38114
[2024-Dec-08 20:44:06.900861] [FileServer] [debug] Successfully replicated to 127.0.0.1:38114
[2024-Dec-08 20:44:06.900918] [FileServer] [info] File replication complete. Successfully replicated to 1/1 peers
[2024-Dec-08 20:44:06.900918] [FileServer] [info] File replication complete. Successfully replicated to 1/1 peers
[2024-Dec-08 20:44:06.993977] [FileServer] [debug] Processing message from: 127.0.0.1:58123 size: 131 bytes
[2024-Dec-08 20:44:06.993977] [FileServer] [debug] Processing message from: 127.0.0.1:58123 size: 131 bytes
[2024-Dec-08 20:44:06.994124] [FileServer] [debug] Decoded message type: 0
[2024-Dec-08 20:44:06.994124] [FileServer] [debug] Decoded message type: 0
[2024-Dec-08 20:44:06.994325] [FileServer] [debug] Handling message from 127.0.0.1:58123 of type 0
[2024-Dec-08 20:44:06.994325] [FileServer] [debug] Handling message from 127.0.0.1:58123 of type 0
[2024-Dec-08 20:44:06.994396] [FileServer] [debug] Processing StoreFile message
[2024-Dec-08 20:44:06.994396] [FileServer] [debug] Processing StoreFile message
[2024-Dec-08 20:44:06.994467] [FileServer] [debug] Handling store file request from 127.0.0.1:58123
[2024-Dec-08 20:44:06.994467] [FileServer] [debug] Handling store file request from 127.0.0.1:58123
[2024-Dec-08 20:44:06.994523] [FileServer] [debug] [0.0.0.0:58124] Store file details - ID: 00FC90FC06EAC2DD8A088F64850403C2A0C9D8316D8FABF33960EDB63BA014E1, Key: broadcast_test.txt, Size: 31 bytes
[2024-Dec-08 20:44:06.994523] [FileServer] [debug] [0.0.0.0:58124] Store file details - ID: 00FC90FC06EAC2DD8A088F64850403C2A0C9D8316D8FABF33960EDB63BA014E1, Key: broadcast_test.txt, Size: 31 bytes
[2024-Dec-08 20:44:06.994571] [FileServer] [debug] Reading encrypted data from network
[2024-Dec-08 20:44:06.994571] [FileServer] [debug] Reading encrypted data from network
[2024-Dec-08 20:44:07.901034] [FileServer] [debug] [0.0.0.0:58124] Stop called
[2024-Dec-08 20:44:07.901034] [FileServer] [debug] [0.0.0.0:58124] Stop called
[2024-Dec-08 20:44:07.901202] [FileServer] [debug] Server state changed to stopped
[2024-Dec-08 20:44:07.901202] [FileServer] [debug] Server state changed to stopped
[2024-Dec-08 20:44:07.901260] [FileServer] [debug] [0.0.0.0:58124] Joining message loop thread
[2024-Dec-08 20:44:07.901260] [FileServer] [debug] [0.0.0.0:58124] Joining message loop thread
^C
 Environment rebuilding in the background...
~/.../build/tests$ 